#
# A fatal error has been detected by the Java Runtime Environment:
#
#  EXCEPTION_ACCESS_VIOLATION (0xc0000005) at pc=0x00007fff9671ea90, pid=27084, tid=25280
#
# JRE version: OpenJDK Runtime Environment Zulu17.42+19-CA (17.0.7+7) (build 17.0.7+7-LTS)
# Java VM: OpenJDK 64-Bit Server VM Zulu17.42+19-CA (17.0.7+7-LTS, mixed mode, sharing, tiered, compressed oops, compressed class ptrs, g1 gc, windows-amd64)
# Problematic frame:
# C  [nvoglv64.dll+0x14cea90]
#
# No core dump will be written. Minidumps are not enabled by default on client versions of Windows
#
# If you would like to submit a bug report, please visit:
#   http://www.azul.com/support/
# The crash happened outside the Java Virtual Machine in native code.
# See problematic frame for where to report the bug.
#

---------------  S U M M A R Y ------------

Command Line: -XX:+ShowCodeDetailsInExceptionMessages Grafica3D

Host: AMD Ryzen 7 4800H with Radeon Graphics         , 16 cores, 15G,  Windows 11 , 64 bit Build 22621 (10.0.22621.2428)
Time: Thu Nov  2 00:32:52 2023 GTB Standard Time elapsed time: 3.899084 seconds (0d 0h 0m 3s)

---------------  T H R E A D  ---------------

Current thread (0x000001fa1d8ba730):  JavaThread "main-Display-.windows_Demo-1-EDT-1" daemon [_thread_in_native, id=25280, stack(0x000000c1a3730000,0x000000c1a3830000)]

Stack: [0x000000c1a3730000,0x000000c1a3830000],  sp=0x000000c1a382e290,  free space=1016k
Native frames: (J=compiled Java code, j=interpreted, Vv=VM code, C=native code)
C  [nvoglv64.dll+0x14cea90]

Java frames: (J=compiled Java code, j=interpreted, Vv=VM code)
j  jogamp.opengl.gl4.GL4bcImpl.dispatch_glBufferDataDelegate1(IJLjava/lang/Object;IZIJ)V+0
j  jogamp.opengl.gl4.GL4bcImpl.glBufferDataDelegate(IJLjava/nio/Buffer;I)V+88
j  jogamp.opengl.gl4.GL4bcImpl.access$000(Ljogamp/opengl/gl4/GL4bcImpl;IJLjava/nio/Buffer;I)V+7
j  jogamp.opengl.gl4.GL4bcImpl$1.create(IJLjava/nio/Buffer;I)V+10
j  jogamp.opengl.GLBufferObjectTracker.createBufferStorage(Ljogamp/opengl/GLBufferStateTracker;Lcom/jogamp/opengl/GL;IJLjava/nio/Buffer;IILjogamp/opengl/GLBufferObjectTracker$CreateStorageDispatch;)V+222
j  jogamp.opengl.gl4.GL4bcImpl.glBufferData(IJLjava/nio/Buffer;I)V+20
j  WindowPerspective.init(Lcom/jogamp/opengl/GLAutoDrawable;)V+388
j  jogamp.opengl.GLDrawableHelper.init(Lcom/jogamp/opengl/GLEventListener;Lcom/jogamp/opengl/GLAutoDrawable;Z)V+2
j  jogamp.opengl.GLDrawableHelper.init(Lcom/jogamp/opengl/GLAutoDrawable;Z)V+81
j  jogamp.opengl.GLAutoDrawableBase$1.run()V+26
j  jogamp.opengl.GLDrawableHelper.invokeGLImpl(Lcom/jogamp/opengl/GLDrawable;Lcom/jogamp/opengl/GLContext;Ljava/lang/Runnable;Ljava/lang/Runnable;)V+199
j  jogamp.opengl.GLDrawableHelper.invokeGL(Lcom/jogamp/opengl/GLDrawable;Lcom/jogamp/opengl/GLContext;Ljava/lang/Runnable;Ljava/lang/Runnable;)V+75
j  com.jogamp.newt.opengl.GLWindow.display()V+90
j  jogamp.opengl.GLAutoDrawableBase.defaultWindowResizedOp(II)V+206
j  com.jogamp.newt.opengl.GLWindow.access$200(Lcom/jogamp/newt/opengl/GLWindow;II)V+3
j  com.jogamp.newt.opengl.GLWindow$2.windowResized(Lcom/jogamp/newt/event/WindowEvent;)V+18
j  jogamp.newt.WindowImpl.consumeWindowEvent(Lcom/jogamp/newt/event/WindowEvent;)V+234
j  jogamp.newt.WindowImpl.sendWindowEvent(I)V+14
j  jogamp.newt.WindowImpl.setVisibleActionImpl(Z)V+692
j  jogamp.newt.WindowImpl$VisibleAction.run()V+8
j  com.jogamp.common.util.RunnableTask.run()V+198
j  jogamp.newt.DefaultEDTUtil$NEDT.run()V+221
v  ~StubRoutines::call_stub

siginfo: EXCEPTION_ACCESS_VIOLATION (0xc0000005), reading address 0x000001fa280aa000


Register to memory mapping:

RIP=0x00007fff9671ea90 nvoglv64.dll
RAX=0xffffffffff453700 is an unknown value
RBX=0x000001fa280aa000 is an unknown value
RCX=0x000000000002a065 is an unknown value
RDX=0x000001fa27f7f040 points into unknown readable memory: 0x42d80371c589d000 | 00 d0 89 c5 71 03 d8 42
RSP=0x000000c1a382e290 is pointing into the stack for thread: 0x000001fa1d8ba730
RBP=0x0000000000000030 is an unknown value
RSI=0x000001fa281dafc0 points into unknown readable memory: 0x0000000000000000 | 00 00 00 00 00 00 00 00
RDI=0x0000000000bac930 is an unknown value
R8 =0x0000000000bac930 is an unknown value
R9 =0x00007fff967398a0 nvoglv64.dll
R10=0x0 is NULL
R11=0x0000000000000246 is an unknown value
R12=0x0 is NULL
R13=0x000001fa256f0000 points into unknown readable memory: 0x000001fa24791390 | 90 13 79 24 fa 01 00 00
R14=0x000001fa25ce9f70 points into unknown readable memory: 0x0000000001000000 | 00 00 00 01 00 00 00 00
R15=0x000001fa27f7f040 points into unknown readable memory: 0x42d80371c589d000 | 00 d0 89 c5 71 03 d8 42


Registers:
RAX=0xffffffffff453700, RBX=0x000001fa280aa000, RCX=0x000000000002a065, RDX=0x000001fa27f7f040
RSP=0x000000c1a382e290, RBP=0x0000000000000030, RSI=0x000001fa281dafc0, RDI=0x0000000000bac930
R8 =0x0000000000bac930, R9 =0x00007fff967398a0, R10=0x0000000000000000, R11=0x0000000000000246
R12=0x0000000000000000, R13=0x000001fa256f0000, R14=0x000001fa25ce9f70, R15=0x000001fa27f7f040
RIP=0x00007fff9671ea90, EFLAGS=0x0000000000010206

Top of Stack: (sp=0x000000c1a382e290)
0x000000c1a382e290:   0000000000000000 0000000000000040
0x000000c1a382e2a0:   0000000000000000 0000000000000000
0x000000c1a382e2b0:   000001fa25f75bd0 00007fff96639356
0x000000c1a382e2c0:   0000000000bac930 000001fa256f0000
0x000000c1a382e2d0:   0000000000bac930 0000000000000000
0x000000c1a382e2e0:   0000000000000000 000001fa24c09850
0x000000c1a382e2f0:   000001fa27f7f040 000001fa256f0000
0x000000c1a382e300:   0000000000000000 0000000000000000
0x000000c1a382e310:   0000000000000000 0000000000000000
0x000000c1a382e320:   0000000000000fff 000001fa24e34270
0x000000c1a382e330:   000001fa25ce9f70 00007fff9663c2f2
0x000000c1a382e340:   000001fa256f0000 0000000000000000
0x000000c1a382e350:   000001fa27f7f040 000001fa27f7f040
0x000000c1a382e360:   0000000000bac930 000001fa25ce9f70
0x000000c1a382e370:   000001fa25f75bd0 00007fff9664011a
0x000000c1a382e380:   000001fa25f75b00 0000000000bac930 

Instructions: (pc=0x00007fff9671ea90)
0x00007fff9671e990:   30 5f 5e 5b c3 cc cc cc cc cc cc cc cc cc cc cc
0x00007fff9671e9a0:   48 89 5c 24 10 48 89 6c 24 18 56 48 83 ec 20 49
0x00007fff9671e9b0:   8b e8 48 8b da 48 8b f1 48 8b c2 f6 c1 0f 74 33
0x00007fff9671e9c0:   48 8b c1 48 89 7c 24 30 83 e0 0f bf 10 00 00 00
0x00007fff9671e9d0:   48 2b f8 49 3b f8 49 0f 47 f8 4c 8b c7 e8 0e cd
0x00007fff9671e9e0:   44 00 48 03 df 48 03 f7 48 2b ef 48 8b c3 48 8b
0x00007fff9671e9f0:   7c 24 30 a8 0f 74 7f 48 83 fd 40 72 3f 48 8b cd
0x00007fff9671ea00:   48 c1 e9 06 48 6b c1 c0 48 03 e8 0f 1f 44 00 00
0x00007fff9671ea10:   0f 10 03 0f 10 4b 10 0f 10 53 20 0f 10 5b 30 48
0x00007fff9671ea20:   83 c3 40 0f 2b 06 0f 2b 4e 10 0f 2b 56 20 0f 2b
0x00007fff9671ea30:   5e 30 48 83 c6 40 48 83 e9 01 75 d4 48 83 fd 10
0x00007fff9671ea40:   0f 82 a1 00 00 00 48 8b cd 48 c1 e9 04 48 6b c1
0x00007fff9671ea50:   f0 48 03 e8 0f 1f 40 00 0f 1f 84 00 00 00 00 00
0x00007fff9671ea60:   0f 10 03 48 83 c3 10 0f 2b 06 48 83 c6 10 48 83
0x00007fff9671ea70:   e9 01 75 ec eb 71 48 83 fd 40 72 40 48 8b cd 48
0x00007fff9671ea80:   c1 e9 06 48 6b c1 c0 48 03 e8 66 0f 1f 44 00 00
0x00007fff9671ea90:   0f 10 03 0f 10 4b 10 0f 10 53 20 0f 10 5b 30 48
0x00007fff9671eaa0:   83 c3 40 0f 2b 06 0f 2b 4e 10 0f 2b 56 20 0f 2b
0x00007fff9671eab0:   5e 30 48 83 c6 40 48 83 e9 01 75 d4 48 83 fd 10
0x00007fff9671eac0:   72 22 48 8b cd 48 c1 e9 04 48 6b c1 f0 48 03 e8
0x00007fff9671ead0:   0f 10 03 48 83 c3 10 0f 2b 06 48 83 c6 10 48 83
0x00007fff9671eae0:   e9 01 75 ec 0f ae f8 48 85 ed 74 0e 4c 8b c5 48
0x00007fff9671eaf0:   8b d3 48 8b ce e8 f6 cb 44 00 48 8b 5c 24 38 48
0x00007fff9671eb00:   8b 6c 24 40 48 83 c4 20 5e c3 cc cc cc cc cc cc
0x00007fff9671eb10:   4c 8b ca 48 8b c1 41 83 e1 0f 83 e0 0f 4d 85 c0
0x00007fff9671eb20:   0f 84 e7 00 00 00 4d 85 c9 74 73 48 85 c0 48 8d
0x00007fff9671eb30:   41 20 48 8d 4a 20 74 38 0f 1f 84 00 00 00 00 00
0x00007fff9671eb40:   48 8d 40 40 0f 10 41 e0 0f 10 49 f0 0f 10 11 0f
0x00007fff9671eb50:   10 59 10 48 8d 49 40 0f 11 40 a0 0f 11 48 b0 0f
0x00007fff9671eb60:   11 50 c0 0f 11 58 d0 49 83 e8 01 75 d3 c3 66 90
0x00007fff9671eb70:   48 8d 40 40 0f 10 41 e0 0f 10 49 f0 0f 10 11 0f
0x00007fff9671eb80:   10 59 10 48 8d 49 40 0f 11 40 a0 0f 11 48 b0 0f 


Stack slot to memory mapping:
stack at sp + 0 slots: 0x0 is NULL
stack at sp + 1 slots: 0x0000000000000040 is an unknown value
stack at sp + 2 slots: 0x0 is NULL
stack at sp + 3 slots: 0x0 is NULL
stack at sp + 4 slots: 0x000001fa25f75bd0 points into unknown readable memory: 0x0000000000000002 | 02 00 00 00 00 00 00 00
stack at sp + 5 slots: 0x00007fff96639356 nvoglv64.dll
stack at sp + 6 slots: 0x0000000000bac930 is an unknown value
stack at sp + 7 slots: 0x000001fa256f0000 points into unknown readable memory: 0x000001fa24791390 | 90 13 79 24 fa 01 00 00


---------------  P R O C E S S  ---------------

Threads class SMR info:
_java_thread_list=0x000001fa25bc4090, length=18, elements={
0x000001fa75048170, 0x000001fa7fb53b10, 0x000001fa7fb54790, 0x000001fa1d00a5b0,
0x000001fa1d00ef80, 0x000001fa1d00f940, 0x000001fa1d010300, 0x000001fa1d0110a0,
0x000001fa1d013b60, 0x000001fa1d017aa0, 0x000001fa1d154980, 0x000001fa1d15b030,
0x000001fa1d3c8c50, 0x000001fa1d3b67e0, 0x000001fa24b3c110, 0x000001fa254c97d0,
0x000001fa1d8b83c0, 0x000001fa1d8ba730
}

Java Threads: ( => current thread )
  0x000001fa75048170 JavaThread "main" [_thread_blocked, id=26420, stack(0x000000c1a0900000,0x000000c1a0a00000)]
  0x000001fa7fb53b10 JavaThread "Reference Handler" daemon [_thread_blocked, id=24504, stack(0x000000c1a1000000,0x000000c1a1100000)]
  0x000001fa7fb54790 JavaThread "Finalizer" daemon [_thread_blocked, id=27628, stack(0x000000c1a1100000,0x000000c1a1200000)]
  0x000001fa1d00a5b0 JavaThread "Signal Dispatcher" daemon [_thread_blocked, id=26596, stack(0x000000c1a1200000,0x000000c1a1300000)]
  0x000001fa1d00ef80 JavaThread "Attach Listener" daemon [_thread_blocked, id=26424, stack(0x000000c1a1300000,0x000000c1a1400000)]
  0x000001fa1d00f940 JavaThread "Service Thread" daemon [_thread_blocked, id=21664, stack(0x000000c1a1400000,0x000000c1a1500000)]
  0x000001fa1d010300 JavaThread "Monitor Deflation Thread" daemon [_thread_blocked, id=28160, stack(0x000000c1a1500000,0x000000c1a1600000)]
  0x000001fa1d0110a0 JavaThread "C2 CompilerThread0" daemon [_thread_blocked, id=13880, stack(0x000000c1a1600000,0x000000c1a1700000)]
  0x000001fa1d013b60 JavaThread "C1 CompilerThread0" daemon [_thread_blocked, id=26768, stack(0x000000c1a1700000,0x000000c1a1800000)]
  0x000001fa1d017aa0 JavaThread "Sweeper thread" daemon [_thread_blocked, id=25608, stack(0x000000c1a1800000,0x000000c1a1900000)]
  0x000001fa1d154980 JavaThread "Notification Thread" daemon [_thread_blocked, id=28492, stack(0x000000c1a1a00000,0x000000c1a1b00000)]
  0x000001fa1d15b030 JavaThread "Common-Cleaner" daemon [_thread_blocked, id=23604, stack(0x000000c1a1c00000,0x000000c1a1d00000)]
  0x000001fa1d3c8c50 JavaThread "Java2D Disposer" daemon [_thread_blocked, id=18564, stack(0x000000c1a1d00000,0x000000c1a1e00000)]
  0x000001fa1d3b67e0 JavaThread "AWT-Windows" daemon [_thread_in_native, id=24752, stack(0x000000c1a1f00000,0x000000c1a2000000)]
  0x000001fa24b3c110 JavaThread "C1 CompilerThread1" daemon [_thread_blocked, id=25372, stack(0x000000c1a1e00000,0x000000c1a1f00000)]
  0x000001fa254c97d0 JavaThread "C1 CompilerThread2" daemon [_thread_blocked, id=19944, stack(0x000000c1a3030000,0x000000c1a3130000)]
  0x000001fa1d8b83c0 JavaThread "main-SharedResourceRunner" daemon [_thread_blocked, id=21028, stack(0x000000c1a3330000,0x000000c1a3430000)]
=>0x000001fa1d8ba730 JavaThread "main-Display-.windows_Demo-1-EDT-1" daemon [_thread_in_native, id=25280, stack(0x000000c1a3730000,0x000000c1a3830000)]

Other Threads:
  0x000001fa7fb4cff0 VMThread "VM Thread" [stack: 0x000000c1a0f00000,0x000000c1a1000000] [id=28468]
  0x000001fa750d8110 WatcherThread [stack: 0x000000c1a1b00000,0x000000c1a1c00000] [id=8148]
  0x000001fa750b27d0 GCTaskThread "GC Thread#0" [stack: 0x000000c1a0a00000,0x000000c1a0b00000] [id=28612]
  0x000001fa2469cf90 GCTaskThread "GC Thread#1" [stack: 0x000000c1a2c30000,0x000000c1a2d30000] [id=26584]
  0x000001fa24ef3010 GCTaskThread "GC Thread#2" [stack: 0x000000c1a2d30000,0x000000c1a2e30000] [id=22252]
  0x000001fa24603d10 GCTaskThread "GC Thread#3" [stack: 0x000000c1a2e30000,0x000000c1a2f30000] [id=21592]
  0x000001fa1dcd33e0 GCTaskThread "GC Thread#4" [stack: 0x000000c1a2f30000,0x000000c1a3030000] [id=27532]
  0x000001fa750c2de0 ConcurrentGCThread "G1 Main Marker" [stack: 0x000000c1a0b00000,0x000000c1a0c00000] [id=27004]
  0x000001fa750c37f0 ConcurrentGCThread "G1 Conc#0" [stack: 0x000000c1a0c00000,0x000000c1a0d00000] [id=27376]
  0x000001fa7510e420 ConcurrentGCThread "G1 Refine#0" [stack: 0x000000c1a0d00000,0x000000c1a0e00000] [id=26312]
  0x000001fa7fa04190 ConcurrentGCThread "G1 Service" [stack: 0x000000c1a0e00000,0x000000c1a0f00000] [id=20712]

Threads with active compile tasks:

VM state: not at safepoint (normal execution)

VM Mutex/Monitor currently owned by a thread: None

Heap address: 0x0000000709400000, size: 3948 MB, Compressed Oops mode: Zero based, Oop shift amount: 3

CDS archive(s) mapped at: [0x0000000800000000-0x0000000800c00000-0x0000000800c00000), size 12582912, SharedBaseAddress: 0x0000000800000000, ArchiveRelocationMode: 0.
Compressed class space mapped at: 0x0000000801000000-0x0000000841000000, reserved size: 1073741824
Narrow klass base: 0x0000000800000000, Narrow klass shift: 0, Narrow klass range: 0x100000000

GC Precious Log:
 CPUs: 16 total, 16 available
 Memory: 15791M
 Large Page Support: Disabled
 NUMA Support: Disabled
 Compressed Oops: Enabled (Zero based)
 Heap Region Size: 2M
 Heap Min Capacity: 8M
 Heap Initial Capacity: 248M
 Heap Max Capacity: 3948M
 Pre-touch: Disabled
 Parallel Workers: 13
 Concurrent Workers: 3
 Concurrent Refinement Workers: 13
 Periodic GC: Disabled

Heap:
 garbage-first heap   total 253952K, used 36372K [0x0000000709400000, 0x0000000800000000)
  region size 2048K, 19 young (38912K), 1 survivors (2048K)
 Metaspace       used 10665K, committed 10880K, reserved 1114112K
  class space    used 815K, committed 896K, reserved 1048576K

Heap Regions: E=young(eden), S=young(survivor), O=old, HS=humongous(starts), HC=humongous(continues), CS=collection set, F=free, OA=open archive, CA=closed archive, TAMS=top-at-mark-start (previous, next)
|   0|0x0000000709400000, 0x0000000709600000, 0x0000000709600000|100%|HS|  |TAMS 0x0000000709400000, 0x0000000709400000| Complete 
|   1|0x0000000709600000, 0x0000000709600000, 0x0000000709800000|  0%| F|  |TAMS 0x0000000709600000, 0x0000000709600000| Untracked 
|   2|0x0000000709800000, 0x0000000709800000, 0x0000000709a00000|  0%| F|  |TAMS 0x0000000709800000, 0x0000000709800000| Untracked 
|   3|0x0000000709a00000, 0x0000000709a00000, 0x0000000709c00000|  0%| F|  |TAMS 0x0000000709a00000, 0x0000000709a00000| Untracked 
|   4|0x0000000709c00000, 0x0000000709c00000, 0x0000000709e00000|  0%| F|  |TAMS 0x0000000709c00000, 0x0000000709c00000| Untracked 
|   5|0x0000000709e00000, 0x0000000709e00000, 0x000000070a000000|  0%| F|  |TAMS 0x0000000709e00000, 0x0000000709e00000| Untracked 
|   6|0x000000070a000000, 0x000000070a000000, 0x000000070a200000|  0%| F|  |TAMS 0x000000070a000000, 0x000000070a000000| Untracked 
|   7|0x000000070a200000, 0x000000070a200000, 0x000000070a400000|  0%| F|  |TAMS 0x000000070a200000, 0x000000070a200000| Untracked 
|   8|0x000000070a400000, 0x000000070a400000, 0x000000070a600000|  0%| F|  |TAMS 0x000000070a400000, 0x000000070a400000| Untracked 
|   9|0x000000070a600000, 0x000000070a600000, 0x000000070a800000|  0%| F|  |TAMS 0x000000070a600000, 0x000000070a600000| Untracked 
|  10|0x000000070a800000, 0x000000070a800000, 0x000000070aa00000|  0%| F|  |TAMS 0x000000070a800000, 0x000000070a800000| Untracked 
|  11|0x000000070aa00000, 0x000000070aa00000, 0x000000070ac00000|  0%| F|  |TAMS 0x000000070aa00000, 0x000000070aa00000| Untracked 
|  12|0x000000070ac00000, 0x000000070ac00000, 0x000000070ae00000|  0%| F|  |TAMS 0x000000070ac00000, 0x000000070ac00000| Untracked 
|  13|0x000000070ae00000, 0x000000070ae00000, 0x000000070b000000|  0%| F|  |TAMS 0x000000070ae00000, 0x000000070ae00000| Untracked 
|  14|0x000000070b000000, 0x000000070b000000, 0x000000070b200000|  0%| F|  |TAMS 0x000000070b000000, 0x000000070b000000| Untracked 
|  15|0x000000070b200000, 0x000000070b200000, 0x000000070b400000|  0%| F|  |TAMS 0x000000070b200000, 0x000000070b200000| Untracked 
|  16|0x000000070b400000, 0x000000070b400000, 0x000000070b600000|  0%| F|  |TAMS 0x000000070b400000, 0x000000070b400000| Untracked 
|  17|0x000000070b600000, 0x000000070b600000, 0x000000070b800000|  0%| F|  |TAMS 0x000000070b600000, 0x000000070b600000| Untracked 
|  18|0x000000070b800000, 0x000000070b800000, 0x000000070ba00000|  0%| F|  |TAMS 0x000000070b800000, 0x000000070b800000| Untracked 
|  19|0x000000070ba00000, 0x000000070ba00000, 0x000000070bc00000|  0%| F|  |TAMS 0x000000070ba00000, 0x000000070ba00000| Untracked 
|  20|0x000000070bc00000, 0x000000070bc00000, 0x000000070be00000|  0%| F|  |TAMS 0x000000070bc00000, 0x000000070bc00000| Untracked 
|  21|0x000000070be00000, 0x000000070be00000, 0x000000070c000000|  0%| F|  |TAMS 0x000000070be00000, 0x000000070be00000| Untracked 
|  22|0x000000070c000000, 0x000000070c000000, 0x000000070c200000|  0%| F|  |TAMS 0x000000070c000000, 0x000000070c000000| Untracked 
|  23|0x000000070c200000, 0x000000070c200000, 0x000000070c400000|  0%| F|  |TAMS 0x000000070c200000, 0x000000070c200000| Untracked 
|  24|0x000000070c400000, 0x000000070c400000, 0x000000070c600000|  0%| F|  |TAMS 0x000000070c400000, 0x000000070c400000| Untracked 
|  25|0x000000070c600000, 0x000000070c600000, 0x000000070c800000|  0%| F|  |TAMS 0x000000070c600000, 0x000000070c600000| Untracked 
|  26|0x000000070c800000, 0x000000070c800000, 0x000000070ca00000|  0%| F|  |TAMS 0x000000070c800000, 0x000000070c800000| Untracked 
|  27|0x000000070ca00000, 0x000000070ca00000, 0x000000070cc00000|  0%| F|  |TAMS 0x000000070ca00000, 0x000000070ca00000| Untracked 
|  28|0x000000070cc00000, 0x000000070cc00000, 0x000000070ce00000|  0%| F|  |TAMS 0x000000070cc00000, 0x000000070cc00000| Untracked 
|  29|0x000000070ce00000, 0x000000070ce00000, 0x000000070d000000|  0%| F|  |TAMS 0x000000070ce00000, 0x000000070ce00000| Untracked 
|  30|0x000000070d000000, 0x000000070d000000, 0x000000070d200000|  0%| F|  |TAMS 0x000000070d000000, 0x000000070d000000| Untracked 
|  31|0x000000070d200000, 0x000000070d200000, 0x000000070d400000|  0%| F|  |TAMS 0x000000070d200000, 0x000000070d200000| Untracked 
|  32|0x000000070d400000, 0x000000070d400000, 0x000000070d600000|  0%| F|  |TAMS 0x000000070d400000, 0x000000070d400000| Untracked 
|  33|0x000000070d600000, 0x000000070d600000, 0x000000070d800000|  0%| F|  |TAMS 0x000000070d600000, 0x000000070d600000| Untracked 
|  34|0x000000070d800000, 0x000000070d800000, 0x000000070da00000|  0%| F|  |TAMS 0x000000070d800000, 0x000000070d800000| Untracked 
|  35|0x000000070da00000, 0x000000070da00000, 0x000000070dc00000|  0%| F|  |TAMS 0x000000070da00000, 0x000000070da00000| Untracked 
|  36|0x000000070dc00000, 0x000000070dc00000, 0x000000070de00000|  0%| F|  |TAMS 0x000000070dc00000, 0x000000070dc00000| Untracked 
|  37|0x000000070de00000, 0x000000070de00000, 0x000000070e000000|  0%| F|  |TAMS 0x000000070de00000, 0x000000070de00000| Untracked 
|  38|0x000000070e000000, 0x000000070e000000, 0x000000070e200000|  0%| F|  |TAMS 0x000000070e000000, 0x000000070e000000| Untracked 
|  39|0x000000070e200000, 0x000000070e200000, 0x000000070e400000|  0%| F|  |TAMS 0x000000070e200000, 0x000000070e200000| Untracked 
|  40|0x000000070e400000, 0x000000070e400000, 0x000000070e600000|  0%| F|  |TAMS 0x000000070e400000, 0x000000070e400000| Untracked 
|  41|0x000000070e600000, 0x000000070e600000, 0x000000070e800000|  0%| F|  |TAMS 0x000000070e600000, 0x000000070e600000| Untracked 
|  42|0x000000070e800000, 0x000000070e800000, 0x000000070ea00000|  0%| F|  |TAMS 0x000000070e800000, 0x000000070e800000| Untracked 
|  43|0x000000070ea00000, 0x000000070ea00000, 0x000000070ec00000|  0%| F|  |TAMS 0x000000070ea00000, 0x000000070ea00000| Untracked 
|  44|0x000000070ec00000, 0x000000070ec00000, 0x000000070ee00000|  0%| F|  |TAMS 0x000000070ec00000, 0x000000070ec00000| Untracked 
|  45|0x000000070ee00000, 0x000000070ee00000, 0x000000070f000000|  0%| F|  |TAMS 0x000000070ee00000, 0x000000070ee00000| Untracked 
|  46|0x000000070f000000, 0x000000070f000000, 0x000000070f200000|  0%| F|  |TAMS 0x000000070f000000, 0x000000070f000000| Untracked 
|  47|0x000000070f200000, 0x000000070f200000, 0x000000070f400000|  0%| F|  |TAMS 0x000000070f200000, 0x000000070f200000| Untracked 
|  48|0x000000070f400000, 0x000000070f400000, 0x000000070f600000|  0%| F|  |TAMS 0x000000070f400000, 0x000000070f400000| Untracked 
|  49|0x000000070f600000, 0x000000070f600000, 0x000000070f800000|  0%| F|  |TAMS 0x000000070f600000, 0x000000070f600000| Untracked 
|  50|0x000000070f800000, 0x000000070f800000, 0x000000070fa00000|  0%| F|  |TAMS 0x000000070f800000, 0x000000070f800000| Untracked 
|  51|0x000000070fa00000, 0x000000070fa00000, 0x000000070fc00000|  0%| F|  |TAMS 0x000000070fa00000, 0x000000070fa00000| Untracked 
|  52|0x000000070fc00000, 0x000000070fc00000, 0x000000070fe00000|  0%| F|  |TAMS 0x000000070fc00000, 0x000000070fc00000| Untracked 
|  53|0x000000070fe00000, 0x000000070fe00000, 0x0000000710000000|  0%| F|  |TAMS 0x000000070fe00000, 0x000000070fe00000| Untracked 
|  54|0x0000000710000000, 0x0000000710000000, 0x0000000710200000|  0%| F|  |TAMS 0x0000000710000000, 0x0000000710000000| Untracked 
|  55|0x0000000710200000, 0x0000000710200000, 0x0000000710400000|  0%| F|  |TAMS 0x0000000710200000, 0x0000000710200000| Untracked 
|  56|0x0000000710400000, 0x0000000710400000, 0x0000000710600000|  0%| F|  |TAMS 0x0000000710400000, 0x0000000710400000| Untracked 
|  57|0x0000000710600000, 0x0000000710600000, 0x0000000710800000|  0%| F|  |TAMS 0x0000000710600000, 0x0000000710600000| Untracked 
|  58|0x0000000710800000, 0x0000000710800000, 0x0000000710a00000|  0%| F|  |TAMS 0x0000000710800000, 0x0000000710800000| Untracked 
|  59|0x0000000710a00000, 0x0000000710a00000, 0x0000000710c00000|  0%| F|  |TAMS 0x0000000710a00000, 0x0000000710a00000| Untracked 
|  60|0x0000000710c00000, 0x0000000710c00000, 0x0000000710e00000|  0%| F|  |TAMS 0x0000000710c00000, 0x0000000710c00000| Untracked 
|  61|0x0000000710e00000, 0x0000000710e00000, 0x0000000711000000|  0%| F|  |TAMS 0x0000000710e00000, 0x0000000710e00000| Untracked 
|  62|0x0000000711000000, 0x0000000711000000, 0x0000000711200000|  0%| F|  |TAMS 0x0000000711000000, 0x0000000711000000| Untracked 
|  63|0x0000000711200000, 0x0000000711200000, 0x0000000711400000|  0%| F|  |TAMS 0x0000000711200000, 0x0000000711200000| Untracked 
|  64|0x0000000711400000, 0x0000000711400000, 0x0000000711600000|  0%| F|  |TAMS 0x0000000711400000, 0x0000000711400000| Untracked 
|  65|0x0000000711600000, 0x0000000711600000, 0x0000000711800000|  0%| F|  |TAMS 0x0000000711600000, 0x0000000711600000| Untracked 
|  66|0x0000000711800000, 0x0000000711800000, 0x0000000711a00000|  0%| F|  |TAMS 0x0000000711800000, 0x0000000711800000| Untracked 
|  67|0x0000000711a00000, 0x0000000711a00000, 0x0000000711c00000|  0%| F|  |TAMS 0x0000000711a00000, 0x0000000711a00000| Untracked 
|  68|0x0000000711c00000, 0x0000000711c00000, 0x0000000711e00000|  0%| F|  |TAMS 0x0000000711c00000, 0x0000000711c00000| Untracked 
|  69|0x0000000711e00000, 0x0000000711e00000, 0x0000000712000000|  0%| F|  |TAMS 0x0000000711e00000, 0x0000000711e00000| Untracked 
|  70|0x0000000712000000, 0x0000000712000000, 0x0000000712200000|  0%| F|  |TAMS 0x0000000712000000, 0x0000000712000000| Untracked 
|  71|0x0000000712200000, 0x0000000712200000, 0x0000000712400000|  0%| F|  |TAMS 0x0000000712200000, 0x0000000712200000| Untracked 
|  72|0x0000000712400000, 0x0000000712400000, 0x0000000712600000|  0%| F|  |TAMS 0x0000000712400000, 0x0000000712400000| Untracked 
|  73|0x0000000712600000, 0x0000000712600000, 0x0000000712800000|  0%| F|  |TAMS 0x0000000712600000, 0x0000000712600000| Untracked 
|  74|0x0000000712800000, 0x0000000712800000, 0x0000000712a00000|  0%| F|  |TAMS 0x0000000712800000, 0x0000000712800000| Untracked 
|  75|0x0000000712a00000, 0x0000000712a00000, 0x0000000712c00000|  0%| F|  |TAMS 0x0000000712a00000, 0x0000000712a00000| Untracked 
|  76|0x0000000712c00000, 0x0000000712c00000, 0x0000000712e00000|  0%| F|  |TAMS 0x0000000712c00000, 0x0000000712c00000| Untracked 
|  77|0x0000000712e00000, 0x0000000712e00000, 0x0000000713000000|  0%| F|  |TAMS 0x0000000712e00000, 0x0000000712e00000| Untracked 
|  78|0x0000000713000000, 0x0000000713000000, 0x0000000713200000|  0%| F|  |TAMS 0x0000000713000000, 0x0000000713000000| Untracked 
|  79|0x0000000713200000, 0x0000000713200000, 0x0000000713400000|  0%| F|  |TAMS 0x0000000713200000, 0x0000000713200000| Untracked 
|  80|0x0000000713400000, 0x0000000713400000, 0x0000000713600000|  0%| F|  |TAMS 0x0000000713400000, 0x0000000713400000| Untracked 
|  81|0x0000000713600000, 0x0000000713600000, 0x0000000713800000|  0%| F|  |TAMS 0x0000000713600000, 0x0000000713600000| Untracked 
|  82|0x0000000713800000, 0x0000000713800000, 0x0000000713a00000|  0%| F|  |TAMS 0x0000000713800000, 0x0000000713800000| Untracked 
|  83|0x0000000713a00000, 0x0000000713a00000, 0x0000000713c00000|  0%| F|  |TAMS 0x0000000713a00000, 0x0000000713a00000| Untracked 
|  84|0x0000000713c00000, 0x0000000713c00000, 0x0000000713e00000|  0%| F|  |TAMS 0x0000000713c00000, 0x0000000713c00000| Untracked 
|  85|0x0000000713e00000, 0x0000000713e00000, 0x0000000714000000|  0%| F|  |TAMS 0x0000000713e00000, 0x0000000713e00000| Untracked 
|  86|0x0000000714000000, 0x0000000714000000, 0x0000000714200000|  0%| F|  |TAMS 0x0000000714000000, 0x0000000714000000| Untracked 
|  87|0x0000000714200000, 0x0000000714200000, 0x0000000714400000|  0%| F|  |TAMS 0x0000000714200000, 0x0000000714200000| Untracked 
|  88|0x0000000714400000, 0x0000000714400000, 0x0000000714600000|  0%| F|  |TAMS 0x0000000714400000, 0x0000000714400000| Untracked 
|  89|0x0000000714600000, 0x0000000714600000, 0x0000000714800000|  0%| F|  |TAMS 0x0000000714600000, 0x0000000714600000| Untracked 
|  90|0x0000000714800000, 0x0000000714800000, 0x0000000714a00000|  0%| F|  |TAMS 0x0000000714800000, 0x0000000714800000| Untracked 
|  91|0x0000000714a00000, 0x0000000714a00000, 0x0000000714c00000|  0%| F|  |TAMS 0x0000000714a00000, 0x0000000714a00000| Untracked 
|  92|0x0000000714c00000, 0x0000000714c00000, 0x0000000714e00000|  0%| F|  |TAMS 0x0000000714c00000, 0x0000000714c00000| Untracked 
|  93|0x0000000714e00000, 0x0000000714e00000, 0x0000000715000000|  0%| F|  |TAMS 0x0000000714e00000, 0x0000000714e00000| Untracked 
|  94|0x0000000715000000, 0x0000000715000000, 0x0000000715200000|  0%| F|  |TAMS 0x0000000715000000, 0x0000000715000000| Untracked 
|  95|0x0000000715200000, 0x0000000715200000, 0x0000000715400000|  0%| F|  |TAMS 0x0000000715200000, 0x0000000715200000| Untracked 
|  96|0x0000000715400000, 0x0000000715400000, 0x0000000715600000|  0%| F|  |TAMS 0x0000000715400000, 0x0000000715400000| Untracked 
|  97|0x0000000715600000, 0x0000000715600000, 0x0000000715800000|  0%| F|  |TAMS 0x0000000715600000, 0x0000000715600000| Untracked 
|  98|0x0000000715800000, 0x0000000715800000, 0x0000000715a00000|  0%| F|  |TAMS 0x0000000715800000, 0x0000000715800000| Untracked 
|  99|0x0000000715a00000, 0x0000000715a00000, 0x0000000715c00000|  0%| F|  |TAMS 0x0000000715a00000, 0x0000000715a00000| Untracked 
| 100|0x0000000715c00000, 0x0000000715c00000, 0x0000000715e00000|  0%| F|  |TAMS 0x0000000715c00000, 0x0000000715c00000| Untracked 
| 101|0x0000000715e00000, 0x0000000715e00000, 0x0000000716000000|  0%| F|  |TAMS 0x0000000715e00000, 0x0000000715e00000| Untracked 
| 102|0x0000000716000000, 0x0000000716000000, 0x0000000716200000|  0%| F|  |TAMS 0x0000000716000000, 0x0000000716000000| Untracked 
| 103|0x0000000716200000, 0x0000000716200000, 0x0000000716400000|  0%| F|  |TAMS 0x0000000716200000, 0x0000000716200000| Untracked 
| 104|0x0000000716400000, 0x0000000716400000, 0x0000000716600000|  0%| F|  |TAMS 0x0000000716400000, 0x0000000716400000| Untracked 
| 105|0x0000000716600000, 0x0000000716785150, 0x0000000716800000| 75%| S|CS|TAMS 0x0000000716600000, 0x0000000716600000| Complete 
| 106|0x0000000716800000, 0x0000000716900800, 0x0000000716a00000| 50%| E|  |TAMS 0x0000000716800000, 0x0000000716800000| Complete 
| 107|0x0000000716a00000, 0x0000000716c00000, 0x0000000716c00000|100%| E|CS|TAMS 0x0000000716a00000, 0x0000000716a00000| Complete 
| 108|0x0000000716c00000, 0x0000000716e00000, 0x0000000716e00000|100%| E|CS|TAMS 0x0000000716c00000, 0x0000000716c00000| Complete 
| 109|0x0000000716e00000, 0x0000000717000000, 0x0000000717000000|100%| E|CS|TAMS 0x0000000716e00000, 0x0000000716e00000| Complete 
| 110|0x0000000717000000, 0x0000000717200000, 0x0000000717200000|100%| E|CS|TAMS 0x0000000717000000, 0x0000000717000000| Complete 
| 111|0x0000000717200000, 0x0000000717400000, 0x0000000717400000|100%| E|CS|TAMS 0x0000000717200000, 0x0000000717200000| Complete 
| 112|0x0000000717400000, 0x0000000717600000, 0x0000000717600000|100%| E|CS|TAMS 0x0000000717400000, 0x0000000717400000| Complete 
| 113|0x0000000717600000, 0x0000000717800000, 0x0000000717800000|100%| E|CS|TAMS 0x0000000717600000, 0x0000000717600000| Complete 
| 114|0x0000000717800000, 0x0000000717a00000, 0x0000000717a00000|100%| E|CS|TAMS 0x0000000717800000, 0x0000000717800000| Complete 
| 115|0x0000000717a00000, 0x0000000717c00000, 0x0000000717c00000|100%| E|CS|TAMS 0x0000000717a00000, 0x0000000717a00000| Complete 
| 116|0x0000000717c00000, 0x0000000717e00000, 0x0000000717e00000|100%| E|CS|TAMS 0x0000000717c00000, 0x0000000717c00000| Complete 
| 117|0x0000000717e00000, 0x0000000718000000, 0x0000000718000000|100%| E|CS|TAMS 0x0000000717e00000, 0x0000000717e00000| Complete 
| 118|0x0000000718000000, 0x0000000718200000, 0x0000000718200000|100%| E|  |TAMS 0x0000000718000000, 0x0000000718000000| Complete 
| 119|0x0000000718200000, 0x0000000718400000, 0x0000000718400000|100%| E|CS|TAMS 0x0000000718200000, 0x0000000718200000| Complete 
| 120|0x0000000718400000, 0x0000000718600000, 0x0000000718600000|100%| E|CS|TAMS 0x0000000718400000, 0x0000000718400000| Complete 
| 121|0x0000000718600000, 0x0000000718800000, 0x0000000718800000|100%| E|CS|TAMS 0x0000000718600000, 0x0000000718600000| Complete 
| 122|0x0000000718800000, 0x0000000718a00000, 0x0000000718a00000|100%| E|CS|TAMS 0x0000000718800000, 0x0000000718800000| Complete 
| 123|0x0000000718a00000, 0x0000000718c00000, 0x0000000718c00000|100%| E|CS|TAMS 0x0000000718a00000, 0x0000000718a00000| Complete 

Card table byte_map: [0x000001fa7dc10000,0x000001fa7e3d0000] _byte_map_base: 0x000001fa7a3c6000

Marking Bits (Prev, Next): (CMBitMap*) 0x000001fa750b2df0, (CMBitMap*) 0x000001fa750b2e30
 Prev Bits: [0x000001fa0f000000, 0x000001fa12db0000)
 Next Bits: [0x000001fa12db0000, 0x000001fa16b60000)

Polling page: 0x000001fa72f80000

Metaspace:

Usage:
  Non-class:      9.62 MB used.
      Class:    815.88 KB used.
       Both:     10.42 MB used.

Virtual space:
  Non-class space:       64.00 MB reserved,       9.75 MB ( 15%) committed,  1 nodes.
      Class space:        1.00 GB reserved,     896.00 KB ( <1%) committed,  1 nodes.
             Both:        1.06 GB reserved,      10.62 MB ( <1%) committed. 

Chunk freelists:
   Non-Class:  5.42 MB
       Class:  14.95 MB
        Both:  20.38 MB

MaxMetaspaceSize: unlimited
CompressedClassSpaceSize: 1.00 GB
Initial GC threshold: 21.00 MB
Current GC threshold: 21.00 MB
CDS: on
MetaspaceReclaimPolicy: balanced
 - commit_granule_bytes: 65536.
 - commit_granule_words: 8192.
 - virtual_space_node_default_size: 8388608.
 - enlarge_chunks_in_place: 1.
 - new_chunks_are_fully_committed: 0.
 - uncommit_free_chunks: 1.
 - use_allocation_guard: 0.
 - handle_deallocations: 1.


Internal statistics:

num_allocs_failed_limit: 0.
num_arena_births: 104.
num_arena_deaths: 0.
num_vsnodes_births: 2.
num_vsnodes_deaths: 0.
num_space_committed: 166.
num_space_uncommitted: 0.
num_chunks_returned_to_freelist: 0.
num_chunks_taken_from_freelist: 308.
num_chunk_merges: 0.
num_chunk_splits: 238.
num_chunks_enlarged: 193.
num_inconsistent_stats: 0.

CodeHeap 'non-profiled nmethods': size=119168Kb used=514Kb max_used=514Kb free=118653Kb
 bounds [0x000001fa07ba0000, 0x000001fa07e10000, 0x000001fa0f000000]
CodeHeap 'profiled nmethods': size=119104Kb used=2316Kb max_used=2316Kb free=116787Kb
 bounds [0x000001fa00000000, 0x000001fa00270000, 0x000001fa07450000]
CodeHeap 'non-nmethods': size=7488Kb used=2609Kb max_used=2622Kb free=4878Kb
 bounds [0x000001fa07450000, 0x000001fa076f0000, 0x000001fa07ba0000]
 total_blobs=2053 nmethods=1178 adapters=786
 compilation: enabled
              stopped_count=0, restarted_count=0
 full_count=0

Compilation events (20 events):
Event: 3.741 Thread 0x000001fa1d013b60 1169       3       com.jogamp.newt.MonitorMode$2::compare (6 bytes)
Event: 3.741 Thread 0x000001fa1d013b60 nmethod 1169 0x000001fa0023fa90 code [0x000001fa0023fc40, 0x000001fa0023fd88]
Event: 3.741 Thread 0x000001fa254c97d0 nmethod 1168 0x000001fa0023fe90 code [0x000001fa00240040, 0x000001fa002403c8]
Event: 3.741 Thread 0x000001fa24b3c110 nmethod 1173 0x000001fa00240510 code [0x000001fa002406c0, 0x000001fa00240978]
Event: 3.741 Thread 0x000001fa24b3c110 1171       3       com.jogamp.newt.MonitorMode$SizeAndRRate::compareTo (116 bytes)
Event: 3.741 Thread 0x000001fa1d013b60 1170       3       com.jogamp.newt.MonitorMode::compareTo (56 bytes)
Event: 3.741 Thread 0x000001fa254c97d0 1172       3       com.jogamp.nativewindow.util.SurfaceSize::compareTo (48 bytes)
Event: 3.741 Thread 0x000001fa1d013b60 nmethod 1170 0x000001fa00240a90 code [0x000001fa00240c60, 0x000001fa00240f28]
Event: 3.741 Thread 0x000001fa254c97d0 nmethod 1172 0x000001fa00241010 code [0x000001fa002411e0, 0x000001fa002414e8]
Event: 3.741 Thread 0x000001fa1d013b60 1174       3       java.lang.Math::abs (14 bytes)
Event: 3.741 Thread 0x000001fa24b3c110 nmethod 1171 0x000001fa00241610 code [0x000001fa00241820, 0x000001fa00241de8]
Event: 3.741 Thread 0x000001fa1d013b60 nmethod 1174 0x000001fa00241f10 code [0x000001fa002420a0, 0x000001fa00242218]
Event: 3.874 Thread 0x000001fa1d013b60 1175       1       com.jogamp.nativewindow.DefaultGraphicsDevice::getUniqueID (5 bytes)
Event: 3.874 Thread 0x000001fa1d013b60 nmethod 1175 0x000001fa07c20490 code [0x000001fa07c20620, 0x000001fa07c206f8]
Event: 3.880 Thread 0x000001fa1d0110a0 1176       4       java.nio.DirectIntBufferU::ix (10 bytes)
Event: 3.880 Thread 0x000001fa254c97d0 1177       3       java.util.regex.Matcher::search (154 bytes)
Event: 3.880 Thread 0x000001fa1d0110a0 nmethod 1176 0x000001fa07c20790 code [0x000001fa07c20900, 0x000001fa07c20978]
Event: 3.880 Thread 0x000001fa254c97d0 nmethod 1177 0x000001fa00242290 code [0x000001fa00242460, 0x000001fa00242a18]
Event: 3.885 Thread 0x000001fa254c97d0 1178       3       java.util.concurrent.ConcurrentHashMap::sumCount (60 bytes)
Event: 3.885 Thread 0x000001fa254c97d0 nmethod 1178 0x000001fa00242c10 code [0x000001fa00242dc0, 0x000001fa00243038]

GC Heap History (4 events):
Event: 1.253 GC heap before
{Heap before GC invocations=0 (full 0):
 garbage-first heap   total 253952K, used 22528K [0x0000000709400000, 0x0000000800000000)
  region size 2048K, 11 young (22528K), 0 survivors (0K)
 Metaspace       used 2603K, committed 2752K, reserved 1114112K
  class space    used 213K, committed 256K, reserved 1048576K
}
Event: 1.255 GC heap after
{Heap after GC invocations=1 (full 0):
 garbage-first heap   total 253952K, used 1602K [0x0000000709400000, 0x0000000800000000)
  region size 2048K, 1 young (2048K), 1 survivors (2048K)
 Metaspace       used 2603K, committed 2752K, reserved 1114112K
  class space    used 213K, committed 256K, reserved 1048576K
}
Event: 2.603 GC heap before
{Heap before GC invocations=1 (full 0):
 garbage-first heap   total 253952K, used 36418K [0x0000000709400000, 0x0000000800000000)
  region size 2048K, 18 young (36864K), 1 survivors (2048K)
 Metaspace       used 2626K, committed 2752K, reserved 1114112K
  class space    used 215K, committed 256K, reserved 1048576K
}
Event: 2.604 GC heap after
{Heap after GC invocations=2 (full 0):
 garbage-first heap   total 253952K, used 1556K [0x0000000709400000, 0x0000000800000000)
  region size 2048K, 1 young (2048K), 1 survivors (2048K)
 Metaspace       used 2626K, committed 2752K, reserved 1114112K
  class space    used 215K, committed 256K, reserved 1048576K
}

Dll operation events (14 events):
Event: 0.007 Loaded shared library C:\Program Files\Zulu\zulu-17\bin\java.dll
Event: 0.017 Loaded shared library C:\Program Files\Zulu\zulu-17\bin\jsvml.dll
Event: 0.050 Loaded shared library C:\Program Files\Zulu\zulu-17\bin\net.dll
Event: 0.052 Loaded shared library C:\Program Files\Zulu\zulu-17\bin\nio.dll
Event: 0.056 Loaded shared library C:\Program Files\Zulu\zulu-17\bin\zip.dll
Event: 0.082 Loaded shared library C:\Program Files\Zulu\zulu-17\bin\jimage.dll
Event: 0.086 Loaded shared library C:\Program Files\Zulu\zulu-17\bin\awt.dll
Event: 2.916 Loaded shared library C:\Users\smoth\AppData\Local\Temp\jogamp_0000\file_cache\jln1293550358068971915\jln12939279958176512815\natives\windows-amd64\gluegen_rt.dll
Event: 2.946 Loaded shared library C:\Program Files\Zulu\zulu-17\bin\jawt.dll
Event: 2.949 Loaded shared library C:\Users\smoth\AppData\Local\Temp\jogamp_0000\file_cache\jln1293550358068971915\jln12939279958176512815\natives\windows-amd64\nativewindow_awt.dll
Event: 2.975 Loaded shared library C:\Users\smoth\AppData\Local\Temp\jogamp_0000\file_cache\jln1293550358068971915\jln12939279958176512815\natives\windows-amd64\nativewindow_win32.dll
Event: 3.071 Loaded shared library C:\Users\smoth\AppData\Local\Temp\jogamp_0000\file_cache\jln1293550358068971915\jln12939279958176512815\natives\windows-amd64\jogl_desktop.dll
Event: 3.248 Loaded shared library C:\Users\smoth\AppData\Local\Temp\jogamp_0000\file_cache\jln1293550358068971915\jln12939279958176512815\natives\windows-amd64\jogl_mobile.dll
Event: 3.684 Loaded shared library C:\Users\smoth\AppData\Local\Temp\jogamp_0000\file_cache\jln1293550358068971915\jln12939279958176512815\natives\windows-amd64\newt_head.dll

Deoptimization events (20 events):
Event: 3.668 Thread 0x000001fa75048170 Uncommon trap: trap_request=0xffffff45 fr.pc=0x000001fa07c14e04 relative=0x0000000000000244
Event: 3.668 Thread 0x000001fa75048170 Uncommon trap: reason=unstable_if action=reinterpret pc=0x000001fa07c14e04 method=java.util.HashMap.containsKey(Ljava/lang/Object;)Z @ 5 c2
Event: 3.668 Thread 0x000001fa75048170 DEOPT PACKING pc=0x000001fa07c14e04 sp=0x000000c1a09fd6d0
Event: 3.668 Thread 0x000001fa75048170 DEOPT UNPACKING pc=0x000001fa074a69a3 sp=0x000000c1a09fd680 mode 2
Event: 3.736 Thread 0x000001fa1d8ba730 Uncommon trap: trap_request=0xffffffc6 fr.pc=0x000001fa07c12374 relative=0x0000000000000434
Event: 3.736 Thread 0x000001fa1d8ba730 Uncommon trap: reason=bimorphic_or_optimized_type_check action=maybe_recompile pc=0x000001fa07c12374 method=java.util.HashMap.getNode(Ljava/lang/Object;)Ljava/util/HashMap$Node; @ 128 c2
Event: 3.736 Thread 0x000001fa1d8ba730 DEOPT PACKING pc=0x000001fa07c12374 sp=0x000000c1a382e920
Event: 3.736 Thread 0x000001fa1d8ba730 DEOPT UNPACKING pc=0x000001fa074a69a3 sp=0x000000c1a382e898 mode 2
Event: 3.737 Thread 0x000001fa1d8ba730 Uncommon trap: trap_request=0xffffffc6 fr.pc=0x000001fa07c12374 relative=0x0000000000000434
Event: 3.737 Thread 0x000001fa1d8ba730 Uncommon trap: reason=bimorphic_or_optimized_type_check action=maybe_recompile pc=0x000001fa07c12374 method=java.util.HashMap.getNode(Ljava/lang/Object;)Ljava/util/HashMap$Node; @ 128 c2
Event: 3.737 Thread 0x000001fa1d8ba730 DEOPT PACKING pc=0x000001fa07c12374 sp=0x000000c1a382e920
Event: 3.737 Thread 0x000001fa1d8ba730 DEOPT UNPACKING pc=0x000001fa074a69a3 sp=0x000000c1a382e898 mode 2
Event: 3.737 Thread 0x000001fa1d8ba730 Uncommon trap: trap_request=0xffffffc6 fr.pc=0x000001fa07c12374 relative=0x0000000000000434
Event: 3.737 Thread 0x000001fa1d8ba730 Uncommon trap: reason=bimorphic_or_optimized_type_check action=maybe_recompile pc=0x000001fa07c12374 method=java.util.HashMap.getNode(Ljava/lang/Object;)Ljava/util/HashMap$Node; @ 128 c2
Event: 3.737 Thread 0x000001fa1d8ba730 DEOPT PACKING pc=0x000001fa07c12374 sp=0x000000c1a382e920
Event: 3.737 Thread 0x000001fa1d8ba730 DEOPT UNPACKING pc=0x000001fa074a69a3 sp=0x000000c1a382e898 mode 2
Event: 3.737 Thread 0x000001fa1d8ba730 Uncommon trap: trap_request=0xffffffc6 fr.pc=0x000001fa07c12374 relative=0x0000000000000434
Event: 3.737 Thread 0x000001fa1d8ba730 Uncommon trap: reason=bimorphic_or_optimized_type_check action=maybe_recompile pc=0x000001fa07c12374 method=java.util.HashMap.getNode(Ljava/lang/Object;)Ljava/util/HashMap$Node; @ 128 c2
Event: 3.737 Thread 0x000001fa1d8ba730 DEOPT PACKING pc=0x000001fa07c12374 sp=0x000000c1a382e920
Event: 3.737 Thread 0x000001fa1d8ba730 DEOPT UNPACKING pc=0x000001fa074a69a3 sp=0x000000c1a382e898 mode 2

Classes unloaded (0 events):
No events

Classes redefined (0 events):
No events

Internal exceptions (16 events):
Event: 0.074 Thread 0x000001fa75048170 Exception <a 'java/lang/ClassNotFoundException'{0x0000000718835210}: sun/awt/resources/spi/awtProvider> (0x0000000718835210) 
thrown [s\src\hotspot\share\classfile\systemDictionary.cpp, line 259]
Event: 0.098 Thread 0x000001fa75048170 Exception <a 'java/io/FileNotFoundException'{0x000000071888ecb8}> (0x000000071888ecb8) 
thrown [s\src\hotspot\share\prims\jni.cpp, line 516]
Event: 0.105 Thread 0x000001fa75048170 Exception <a 'java/io/FileNotFoundException'{0x00000007188bbc18}> (0x00000007188bbc18) 
thrown [s\src\hotspot\share\prims\jni.cpp, line 516]
Event: 0.136 Thread 0x000001fa75048170 Exception <a 'java/lang/NoSuchMethodError'{0x0000000718923658}: 'java.lang.Object java.lang.invoke.DirectMethodHandle$Holder.invokeStaticInit(java.lang.Object)'> (0x0000000718923658) 
thrown [s\src\hotspot\share\interpreter\linkResolver.cpp, line 759]
Event: 0.320 Thread 0x000001fa75048170 Exception <a 'java/io/FileNotFoundException'{0x000000071895c678}> (0x000000071895c678) 
thrown [s\src\hotspot\share\prims\jni.cpp, line 516]
Event: 2.771 Thread 0x000001fa75048170 Exception <a 'java/lang/NoSuchMethodError'{0x000000071865bf80}: 'java.lang.Object java.lang.invoke.DirectMethodHandle$Holder.invokeStaticInit(java.lang.Object, int, int, int, int)'> (0x000000071865bf80) 
thrown [s\src\hotspot\share\interpreter\linkResolver.cpp, line 759]
Event: 2.810 Thread 0x000001fa75048170 Exception <a 'java/lang/NoSuchMethodError'{0x000000071844c698}: 'java.lang.Object java.lang.invoke.DirectMethodHandle$Holder.invokeStaticInit(java.lang.Object, java.lang.Object, int, int, int, int)'> (0x000000071844c698) 
thrown [s\src\hotspot\share\interpreter\linkResolver.cpp, line 759]
Event: 2.828 Thread 0x000001fa75048170 Exception <a 'java/lang/NoSuchMethodError'{0x0000000718457fd8}: 'void java.lang.invoke.DirectMethodHandle$Holder.invokeStatic(java.lang.Object, long)'> (0x0000000718457fd8) 
thrown [s\src\hotspot\share\interpreter\linkResolver.cpp, line 759]
Event: 2.828 Thread 0x000001fa75048170 Exception <a 'java/lang/NoSuchMethodError'{0x000000071845d5b8}: 'java.lang.Object java.lang.invoke.DirectMethodHandle$Holder.newInvokeSpecial(java.lang.Object, long)'> (0x000000071845d5b8) 
thrown [s\src\hotspot\share\interpreter\linkResolver.cpp, line 759]
Event: 2.830 Thread 0x000001fa75048170 Exception <a 'java/lang/NoSuchMethodError'{0x0000000718464810}: 'java.lang.Object java.lang.invoke.DirectMethodHandle$Holder.invokeStatic(java.lang.Object, java.lang.Object, long, java.lang.Object)'> (0x0000000718464810) 
thrown [s\src\hotspot\share\interpreter\linkResolver.cpp, line 759]
Event: 2.830 Thread 0x000001fa75048170 Exception <a 'java/lang/NoSuchMethodError'{0x00000007184682a8}: 'java.lang.Object java.lang.invoke.DirectMethodHandle$Holder.invokeStaticInit(java.lang.Object, java.lang.Object, long, java.lang.Object)'> (0x00000007184682a8) 
thrown [s\src\hotspot\share\interpreter\linkResolver.cpp, line 759]
Event: 2.831 Thread 0x000001fa75048170 Exception <a 'java/lang/NoSuchMethodError'{0x000000071846e868}: 'java.lang.Object java.lang.invoke.DirectMethodHandle$Holder.newInvokeSpecial(java.lang.Object, java.lang.Object, long)'> (0x000000071846e868) 
thrown [s\src\hotspot\share\interpreter\linkResolver.cpp, line 759]
Event: 2.831 Thread 0x000001fa75048170 Exception <a 'java/lang/NoSuchMethodError'{0x00000007184723d8}: 'java.lang.Object java.lang.invoke.Invokers$Holder.linkToTargetMethod(java.lang.Object, long, java.lang.Object)'> (0x00000007184723d8) 
thrown [s\src\hotspot\share\interpreter\linkResolver.cpp, line 759]
Event: 2.909 Thread 0x000001fa75048170 Exception <a 'sun/nio/fs/WindowsException'{0x000000071849f968}> (0x000000071849f968) 
thrown [s\src\hotspot\share\prims\jni.cpp, line 516]
Event: 2.959 Thread 0x000001fa75048170 Exception <a 'java/lang/NoSuchMethodError'{0x00000007182d6970}: 'java.lang.Object java.lang.invoke.DirectMethodHandle$Holder.invokeInterface(java.lang.Object, java.lang.Object)'> (0x00000007182d6970) 
thrown [s\src\hotspot\share\interpreter\linkResolver.cpp, line 759]
Event: 2.960 Thread 0x000001fa75048170 Exception <a 'java/lang/IncompatibleClassChangeError'{0x00000007182da168}: Found class java.lang.Object, but interface was expected> (0x00000007182da168) 
thrown [s\src\hotspot\share\interpreter\linkResolver.cpp, line 826]

VM Operations (16 events):
Event: 0.057 Executing VM operation: HandshakeAllThreads
Event: 0.057 Executing VM operation: HandshakeAllThreads done
Event: 1.065 Executing VM operation: Cleanup
Event: 1.065 Executing VM operation: Cleanup done
Event: 1.253 Executing VM operation: G1CollectForAllocation
Event: 1.255 Executing VM operation: G1CollectForAllocation done
Event: 2.603 Executing VM operation: G1CollectForAllocation
Event: 2.604 Executing VM operation: G1CollectForAllocation done
Event: 2.782 Executing VM operation: HandshakeAllThreads
Event: 2.782 Executing VM operation: HandshakeAllThreads done
Event: 2.918 Executing VM operation: HandshakeAllThreads
Event: 2.918 Executing VM operation: HandshakeAllThreads done
Event: 3.884 Executing VM operation: HandshakeAllThreads
Event: 3.885 Executing VM operation: HandshakeAllThreads done
Event: 3.885 Executing VM operation: Cleanup
Event: 3.885 Executing VM operation: Cleanup done

Events (20 events):
Event: 3.687 loading class sun/net/www/protocol/jar/JarURLConnection$JarURLInputStream
Event: 3.687 loading class sun/net/www/protocol/jar/JarURLConnection$JarURLInputStream done
Event: 3.695 loading class java/util/zip/DeflaterOutputStream
Event: 3.695 loading class java/util/zip/DeflaterOutputStream done
Event: 3.731 loading class java/lang/Thread$State
Event: 3.731 loading class java/lang/Thread$State done
Event: 3.731 Thread 0x000001fa1d8ba730 Thread added: 0x000001fa1d8ba730
Event: 3.790 loading class java/nio/DirectFloatBufferU
Event: 3.790 loading class java/nio/DirectFloatBufferU done
Event: 3.874 Thread 0x000001fa25c190a0 Thread exited: 0x000001fa25c190a0
Event: 3.879 loading class java/io/StringReader
Event: 3.879 loading class java/io/StringReader done
Event: 3.880 loading class sun/net/ProgressMonitor
Event: 3.880 loading class sun/net/ProgressMonitor done
Event: 3.880 loading class sun/net/DefaultProgressMeteringPolicy
Event: 3.880 loading class sun/net/ProgressMeteringPolicy
Event: 3.880 loading class sun/net/ProgressMeteringPolicy done
Event: 3.880 loading class sun/net/DefaultProgressMeteringPolicy done
Event: 3.884 loading class java/nio/HeapIntBuffer
Event: 3.884 loading class java/nio/HeapIntBuffer done


Dynamic libraries:
0x00007ff6d0cf0000 - 0x00007ff6d0cfe000 	C:\Program Files\Zulu\zulu-17\bin\java.exe
0x00007ff830050000 - 0x00007ff830267000 	C:\WINDOWS\SYSTEM32\ntdll.dll
0x00007ff82ec70000 - 0x00007ff82ed34000 	C:\WINDOWS\System32\KERNEL32.DLL
0x00007ff82d540000 - 0x00007ff82d8e6000 	C:\WINDOWS\System32\KERNELBASE.dll
0x00007ff82d8f0000 - 0x00007ff82da01000 	C:\WINDOWS\System32\ucrtbase.dll
0x00007fffadb00000 - 0x00007fffadb19000 	C:\Program Files\Zulu\zulu-17\bin\jli.dll
0x00007fff9f9d0000 - 0x00007fff9f9eb000 	C:\Program Files\Zulu\zulu-17\bin\VCRUNTIME140.dll
0x00007ff82f460000 - 0x00007ff82f60d000 	C:\WINDOWS\System32\USER32.dll
0x00007ff82dbf0000 - 0x00007ff82dc16000 	C:\WINDOWS\System32\win32u.dll
0x00007ff815c40000 - 0x00007ff815ed3000 	C:\WINDOWS\WinSxS\amd64_microsoft.windows.common-controls_6595b64144ccf1df_6.0.22621.2361_none_2712ced57382f843\COMCTL32.dll
0x00007ff82ec40000 - 0x00007ff82ec69000 	C:\WINDOWS\System32\GDI32.dll
0x00007ff82e6a0000 - 0x00007ff82e747000 	C:\WINDOWS\System32\msvcrt.dll
0x00007ff82dc20000 - 0x00007ff82dd38000 	C:\WINDOWS\System32\gdi32full.dll
0x00007ff82da10000 - 0x00007ff82daaa000 	C:\WINDOWS\System32\msvcp_win.dll
0x00007ff82ddb0000 - 0x00007ff82dde1000 	C:\WINDOWS\System32\IMM32.DLL
0x00007ffff7d80000 - 0x00007ffff7d8c000 	C:\Program Files\Zulu\zulu-17\bin\vcruntime140_1.dll
0x00007fff8edc0000 - 0x00007fff8ee4d000 	C:\Program Files\Zulu\zulu-17\bin\msvcp140.dll
0x00007fff88a20000 - 0x00007fff89685000 	C:\Program Files\Zulu\zulu-17\bin\server\jvm.dll
0x00007ff82e750000 - 0x00007ff82e800000 	C:\WINDOWS\System32\ADVAPI32.dll
0x00007ff82f680000 - 0x00007ff82f726000 	C:\WINDOWS\System32\sechost.dll
0x00007ff82efd0000 - 0x00007ff82f0e7000 	C:\WINDOWS\System32\RPCRT4.dll
0x00007ff8244d0000 - 0x00007ff8244da000 	C:\WINDOWS\SYSTEM32\VERSION.dll
0x00007ff81e250000 - 0x00007ff81e259000 	C:\WINDOWS\SYSTEM32\WSOCK32.dll
0x00007ff823120000 - 0x00007ff823154000 	C:\WINDOWS\SYSTEM32\WINMM.dll
0x00007ff82ee50000 - 0x00007ff82eec1000 	C:\WINDOWS\System32\WS2_32.dll
0x00007ff82c390000 - 0x00007ff82c3a8000 	C:\WINDOWS\SYSTEM32\kernel.appcore.dll
0x00007ffff7820000 - 0x00007ffff782a000 	C:\Program Files\Zulu\zulu-17\bin\jimage.dll
0x00007ff82ad40000 - 0x00007ff82af6e000 	C:\WINDOWS\SYSTEM32\DBGHELP.DLL
0x00007ff82de90000 - 0x00007ff82e21a000 	C:\WINDOWS\System32\combase.dll
0x00007ff82f150000 - 0x00007ff82f227000 	C:\WINDOWS\System32\OLEAUT32.dll
0x00007ff81ffd0000 - 0x00007ff820002000 	C:\WINDOWS\SYSTEM32\dbgcore.DLL
0x00007ff82db70000 - 0x00007ff82dbea000 	C:\WINDOWS\System32\bcryptPrimitives.dll
0x00007fff9d8e0000 - 0x00007fff9d905000 	C:\Program Files\Zulu\zulu-17\bin\java.dll
0x00007fff8ece0000 - 0x00007fff8edb7000 	C:\Program Files\Zulu\zulu-17\bin\jsvml.dll
0x00007ff82f730000 - 0x00007ff82ff88000 	C:\WINDOWS\System32\SHELL32.dll
0x00007ff82b2e0000 - 0x00007ff82bbd2000 	C:\WINDOWS\SYSTEM32\windows.storage.dll
0x00007ff82b1a0000 - 0x00007ff82b2de000 	C:\WINDOWS\SYSTEM32\wintypes.dll
0x00007ff82ed40000 - 0x00007ff82ee33000 	C:\WINDOWS\System32\SHCORE.dll
0x00007ff82f230000 - 0x00007ff82f28e000 	C:\WINDOWS\System32\shlwapi.dll
0x00007ff82d300000 - 0x00007ff82d326000 	C:\WINDOWS\SYSTEM32\profapi.dll
0x00007fff9f9b0000 - 0x00007fff9f9c9000 	C:\Program Files\Zulu\zulu-17\bin\net.dll
0x00007ff826d30000 - 0x00007ff826e67000 	C:\WINDOWS\SYSTEM32\WINHTTP.dll
0x00007ff82c890000 - 0x00007ff82c8f9000 	C:\WINDOWS\system32\mswsock.dll
0x00007fff9f970000 - 0x00007fff9f986000 	C:\Program Files\Zulu\zulu-17\bin\nio.dll
0x00007fff9e170000 - 0x00007fff9e188000 	C:\Program Files\Zulu\zulu-17\bin\zip.dll
0x00007fff8dc10000 - 0x00007fff8dd9f000 	C:\Program Files\Zulu\zulu-17\bin\awt.dll
0x00007ff82a3b0000 - 0x00007ff82a447000 	C:\WINDOWS\SYSTEM32\apphelp.dll
0x00007ff82a520000 - 0x00007ff82a5cb000 	C:\WINDOWS\system32\uxtheme.dll
0x00007ff82e9e0000 - 0x00007ff82eb2c000 	C:\WINDOWS\System32\MSCTF.dll
0x00007ff82e820000 - 0x00007ff82e9bf000 	C:\WINDOWS\System32\ole32.dll
0x00007ff82a7d0000 - 0x00007ff82a7fb000 	C:\WINDOWS\system32\DWMAPI.DLL
0x00007fffbbc00000 - 0x00007fffbbd00000 	C:\WINDOWS\system32\opengl32.dll
0x00007fffdce40000 - 0x00007fffdce6d000 	C:\WINDOWS\SYSTEM32\GLU32.dll
0x00007ff82a660000 - 0x00007ff82a696000 	C:\WINDOWS\SYSTEM32\dxcore.dll
0x00007ffffd7d0000 - 0x00007ffffd979000 	C:\WINDOWS\system32\d3d9.dll
0x00007ff827240000 - 0x00007ff82728a000 	C:\WINDOWS\SYSTEM32\directxdatabasehelper.dll
0x00007ff82d070000 - 0x00007ff82d082000 	C:\WINDOWS\SYSTEM32\msasn1.dll
0x00007ff820ed0000 - 0x00007ff820f02000 	C:\WINDOWS\SYSTEM32\cryptnet.dll
0x00007ff82d3d0000 - 0x00007ff82d536000 	C:\WINDOWS\System32\CRYPT32.dll
0x00007ff82cb50000 - 0x00007ff82cb5c000 	C:\WINDOWS\SYSTEM32\cryptbase.dll
0x00007ff82dd40000 - 0x00007ff82ddac000 	C:\WINDOWS\System32\WINTRUST.DLL
0x00007ff82e9c0000 - 0x00007ff82e9df000 	C:\WINDOWS\System32\imagehlp.dll
0x00007ff82cb60000 - 0x00007ff82cb7b000 	C:\WINDOWS\SYSTEM32\CRYPTSP.dll
0x00007ff82c350000 - 0x00007ff82c385000 	C:\WINDOWS\system32\rsaenh.dll
0x00007ff82ccf0000 - 0x00007ff82cd18000 	C:\WINDOWS\SYSTEM32\bcrypt.dll
0x00007ffffc500000 - 0x00007ffffc5bd000 	C:\WINDOWS\System32\DriverStore\FileRepository\nvami.inf_amd64_d533117de623aaac\nvldumdx.dll
0x00007ff820d40000 - 0x00007ff820e98000 	C:\WINDOWS\SYSTEM32\drvstore.dll
0x00007ff82d090000 - 0x00007ff82d0bc000 	C:\WINDOWS\SYSTEM32\devobj.dll
0x00007ff82d0c0000 - 0x00007ff82d10e000 	C:\WINDOWS\SYSTEM32\cfgmgr32.dll
0x00007ff82cc00000 - 0x00007ff82cc4b000 	C:\WINDOWS\SYSTEM32\wldp.dll
0x00007fffaa380000 - 0x00007fffad276000 	C:\WINDOWS\System32\DriverStore\FileRepository\nvami.inf_amd64_d533117de623aaac\nvd3dumx.dll
0x00007fffc2380000 - 0x00007fffc2651000 	C:\WINDOWS\system32\nvspcap64.dll
0x00007ff82c430000 - 0x00007ff82c464000 	C:\WINDOWS\SYSTEM32\ntmarta.dll
0x00007ff82c920000 - 0x00007ff82c946000 	C:\WINDOWS\SYSTEM32\gpapi.dll
0x00007ff8238d0000 - 0x00007ff823a88000 	C:\WINDOWS\System32\DriverStore\FileRepository\u0382793.inf_amd64_1c9c9d36a5813460\B384051\aticfx64.dll
0x00007fff94d20000 - 0x00007fff94d54000 	C:\WINDOWS\System32\DriverStore\FileRepository\u0382793.inf_amd64_1c9c9d36a5813460\B384051\atiu9p64.dll
0x00007fff87cc0000 - 0x00007fff88a14000 	C:\WINDOWS\System32\DriverStore\FileRepository\u0382793.inf_amd64_1c9c9d36a5813460\B384051\atiumd64.dll
0x0000000063680000 - 0x00000000644f4000 	C:\WINDOWS\System32\DriverStore\FileRepository\u0382793.inf_amd64_1c9c9d36a5813460\B384051\atiumd6a.dll
0x00007ff82e220000 - 0x00007ff82e694000 	C:\WINDOWS\System32\SETUPAPI.dll
0x00007ff82d020000 - 0x00007ff82d06d000 	C:\WINDOWS\SYSTEM32\POWRPROF.dll
0x00007ff82ce30000 - 0x00007ff82ce43000 	C:\WINDOWS\SYSTEM32\UMPDC.dll
0x00007ff8201e0000 - 0x00007ff820210000 	C:\WINDOWS\SYSTEM32\amdihk64.dll
0x00007ff82c9f0000 - 0x00007ff82ca1c000 	C:\WINDOWS\SYSTEM32\USERENV.dll
0x00007ff82be40000 - 0x00007ff82be6d000 	C:\WINDOWS\SYSTEM32\IPHLPAPI.DLL
0x00007ff82ee40000 - 0x00007ff82ee49000 	C:\WINDOWS\System32\NSI.dll
0x00007ff826580000 - 0x00007ff826599000 	C:\WINDOWS\SYSTEM32\dhcpcsvc6.DLL
0x00007ff8265a0000 - 0x00007ff8265bf000 	C:\WINDOWS\SYSTEM32\dhcpcsvc.DLL
0x00007ff82be70000 - 0x00007ff82bf69000 	C:\WINDOWS\SYSTEM32\DNSAPI.dll
0x00007ffff00c0000 - 0x00007ffff00cd000 	C:\Users\smoth\AppData\Local\Temp\jogamp_0000\file_cache\jln1293550358068971915\jln12939279958176512815\natives\windows-amd64\gluegen_rt.dll
0x00007fffeec50000 - 0x00007fffeec57000 	C:\Program Files\Zulu\zulu-17\bin\jawt.dll
0x00007fffec6e0000 - 0x00007fffec6ed000 	C:\Users\smoth\AppData\Local\Temp\jogamp_0000\file_cache\jln1293550358068971915\jln12939279958176512815\natives\windows-amd64\nativewindow_awt.dll
0x00007fff9d170000 - 0x00007fff9d185000 	C:\Users\smoth\AppData\Local\Temp\jogamp_0000\file_cache\jln1293550358068971915\jln12939279958176512815\natives\windows-amd64\nativewindow_win32.dll
0x00007fff8ec50000 - 0x00007fff8ecd6000 	C:\Users\smoth\AppData\Local\Temp\jogamp_0000\file_cache\jln1293550358068971915\jln12939279958176512815\natives\windows-amd64\jogl_desktop.dll
0x00007fff8dbb0000 - 0x00007fff8dc06000 	C:\Users\smoth\AppData\Local\Temp\jogamp_0000\file_cache\jln1293550358068971915\jln12939279958176512815\natives\windows-amd64\jogl_mobile.dll
0x00007ff82eb30000 - 0x00007ff82ebe0000 	C:\WINDOWS\System32\clbcatq.dll
0x00007ff824d80000 - 0x00007ff824eb5000 	C:\Windows\System32\AppXDeploymentClient.dll
0x00007fff95250000 - 0x00007fff98ea8000 	C:\WINDOWS\System32\DriverStore\FileRepository\nvami.inf_amd64_d533117de623aaac\nvoglv64.dll
0x00007ff82c1a0000 - 0x00007ff82c1b4000 	C:\WINDOWS\SYSTEM32\WTSAPI32.dll
0x00007ff82c950000 - 0x00007ff82c9b6000 	C:\WINDOWS\SYSTEM32\WINSTA.dll
0x00007fff9cd30000 - 0x00007fff9cd49000 	C:\Users\smoth\AppData\Local\Temp\jogamp_0000\file_cache\jln1293550358068971915\jln12939279958176512815\natives\windows-amd64\newt_head.dll
0x00007ff8258d0000 - 0x00007ff82598c000 	C:\WINDOWS\SYSTEM32\mscms.dll
0x00007fffec400000 - 0x00007fffec449000 	C:\WINDOWS\SYSTEM32\icm32.dll
0x00007ff8177f0000 - 0x00007ff81793a000 	C:\WINDOWS\SYSTEM32\textinputframework.dll
0x00007ff82a0d0000 - 0x00007ff82a203000 	C:\WINDOWS\SYSTEM32\CoreMessaging.dll
0x00007ff8266e0000 - 0x00007ff826a4c000 	C:\WINDOWS\SYSTEM32\CoreUIComponents.dll

dbghelp: loaded successfully - version: 4.0.5 - missing functions: none
symbol engine: initialized successfully - sym options: 0x614 - pdb path: .;C:\Program Files\Zulu\zulu-17\bin;C:\WINDOWS\SYSTEM32;C:\WINDOWS\WinSxS\amd64_microsoft.windows.common-controls_6595b64144ccf1df_6.0.22621.2361_none_2712ced57382f843;C:\Program Files\Zulu\zulu-17\bin\server;C:\WINDOWS\System32\DriverStore\FileRepository\nvami.inf_amd64_d533117de623aaac;C:\WINDOWS\System32\DriverStore\FileRepository\u0382793.inf_amd64_1c9c9d36a5813460\B384051;C:\Users\smoth\AppData\Local\Temp\jogamp_0000\file_cache\jln1293550358068971915\jln12939279958176512815\natives\windows-amd64

VM Arguments:
jvm_args: -XX:+ShowCodeDetailsInExceptionMessages 
java_command: Grafica3D
java_class_path (initial): C:\Users\smoth\Documents\GitHub\Licenta\bin;C:\Users\smoth\Documents\GitHub\Licenta\lib\JOGL\gluegen.jar;C:\Users\smoth\Documents\GitHub\Licenta\lib\JOGL\gluegen-rt.jar;C:\Users\smoth\Documents\GitHub\Licenta\lib\JOGL\gluegen-rt-natives-windows-amd64.jar;C:\Users\smoth\Documents\GitHub\Licenta\lib\JOGL\jogl-all.jar;C:\Users\smoth\Documents\GitHub\Licenta\lib\JOGL\jogl-all-natives-windows-amd64.jar;C:\Users\smoth\Documents\GitHub\Licenta\lib\JOGL\gluegen-java-src.zip;C:\Users\smoth\Documents\GitHub\Licenta\lib\JOGL\jogl-java-src.zip
Launcher Type: SUN_STANDARD

[Global flags]
     intx CICompilerCount                          = 12                                        {product} {ergonomic}
     uint ConcGCThreads                            = 3                                         {product} {ergonomic}
     uint G1ConcRefinementThreads                  = 13                                        {product} {ergonomic}
   size_t G1HeapRegionSize                         = 2097152                                   {product} {ergonomic}
    uintx GCDrainStackTargetSize                   = 64                                        {product} {ergonomic}
   size_t InitialHeapSize                          = 260046848                                 {product} {ergonomic}
   size_t MarkStackSize                            = 4194304                                   {product} {ergonomic}
   size_t MaxHeapSize                              = 4139778048                                {product} {ergonomic}
   size_t MaxNewSize                               = 2483027968                                {product} {ergonomic}
   size_t MinHeapDeltaBytes                        = 2097152                                   {product} {ergonomic}
   size_t MinHeapSize                              = 8388608                                   {product} {ergonomic}
    uintx NonNMethodCodeHeapSize                   = 7602480                                {pd product} {ergonomic}
    uintx NonProfiledCodeHeapSize                  = 122027880                              {pd product} {ergonomic}
    uintx ProfiledCodeHeapSize                     = 122027880                              {pd product} {ergonomic}
    uintx ReservedCodeCacheSize                    = 251658240                              {pd product} {ergonomic}
     bool SegmentedCodeCache                       = true                                      {product} {ergonomic}
     bool ShowCodeDetailsInExceptionMessages       = true                                   {manageable} {command line}
   size_t SoftMaxHeapSize                          = 4139778048                             {manageable} {ergonomic}
     bool UseCompressedClassPointers               = true                           {product lp64_product} {ergonomic}
     bool UseCompressedOops                        = true                           {product lp64_product} {ergonomic}
     bool UseG1GC                                  = true                                      {product} {ergonomic}
     bool UseLargePagesIndividualAllocation        = false                                  {pd product} {ergonomic}

Logging:
Log output configuration:
 #0: stdout all=warning uptime,level,tags
 #1: stderr all=off uptime,level,tags

Environment Variables:
PATH=C:\Program Files\Zulu\zulu-17\bin\;C:\Program Files\Common Files\Oracle\Java\javapath;C:\Program Files (x86)\Common Files\Oracle\Java\javapath;C:\Program Files\Microsoft\jdk-11.0.12.7-hotspot\bin;C:\WINDOWS\system32;C:\WINDOWS;C:\WINDOWS\System32\Wbem;C:\WINDOWS\System32\WindowsPowerShell\v1.0\;C:\WINDOWS\System32\OpenSSH\;C:\Program Files\dotnet\;C:\Program Files\NVIDIA Corporation\NVIDIA NvDLISR;C:\Program Files (x86)\NVIDIA Corporation\PhysX\Common;C:\WINDOWS\system32;C:\WINDOWS;C:\WINDOWS\System32\Wbem;C:\WINDOWS\System32\WindowsPowerShell\v1.0\;C:\WINDOWS\System32\OpenSSH\;C:\Program Files\NASM;C:\xampp\php;C:\Program Files\Git\cmd;C:\composer;C:\Users\smoth\AppData\Local\Microsoft\WindowsApps;C:\Users\smoth\AppData\Local\Programs\Microsoft VS Code\bin;C:\Users\smoth\.dotnet\tools;C:\Users\smoth\AppData\Roaming\Composer\vendor\bin;C:\Users\smoth\AppData\Local\GitHubDesktop\bin
USERNAME=smoth
LANG=en_US.UTF-8
OS=Windows_NT
PROCESSOR_IDENTIFIER=AMD64 Family 23 Model 96 Stepping 1, AuthenticAMD
TMP=C:\Users\smoth\AppData\Local\Temp
TEMP=C:\Users\smoth\AppData\Local\Temp



---------------  S Y S T E M  ---------------

OS:
 Windows 11 , 64 bit Build 22621 (10.0.22621.2428)
OS uptime: 0 days 5:34 hours
Hyper-V role detected

CPU: total 16 (initial active 16) (16 cores per cpu, 2 threads per core) family 23 model 96 stepping 1 microcode 0x0, cx8, cmov, fxsr, ht, mmx, 3dnowpref, sse, sse2, sse3, ssse3, sse4a, sse4.1, sse4.2, popcnt, lzcnt, tsc, tscinvbit, avx, avx2, aes, clmul, bmi1, bmi2, adx, sha, fma, vzeroupper, clflush, clflushopt, hv

Memory: 4k page, system-wide physical 15791M (3835M free)
TotalPageFile size 31232M (AvailPageFile size 4270M)
current process WorkingSet (physical memory assigned to process): 162M, peak: 162M
current process commit charge ("private bytes"): 456M, peak: 456M

vm_info: OpenJDK 64-Bit Server VM (17.0.7+7-LTS) for windows-amd64 JRE (17.0.7+7-LTS) (Zulu17.42+19-CA), built on Apr 10 2023 13:02:30 by "zulu_re" with MS VC++ 16.10 / 16.11 (VS2019)

END.
